Fold 0
Fold 0
Fold 0
Fold 0
Model 0 best validation cross_entropy = 0.296533 on epoch 0
Model 0 test cross_entropy = 0.303858
Ensemble test cross_entropy = 0.303858
Fold 1
Model 0 best validation cross_entropy = 0.312109 on epoch 0
Model 0 test cross_entropy = 0.290434
Ensemble test cross_entropy = 0.290434
Fold 2
Model 0 best validation cross_entropy = 0.305651 on epoch 0
Model 0 test cross_entropy = 0.311858
Ensemble test cross_entropy = 0.311858
Fold 3
Model 0 best validation cross_entropy = 0.293522 on epoch 0
Model 0 test cross_entropy = 0.302408
Ensemble test cross_entropy = 0.302408
Fold 4
Model 0 best validation cross_entropy = 0.308138 on epoch 0
Model 0 test cross_entropy = 0.290247
Ensemble test cross_entropy = 0.290247
5-fold cross validation
	Seed 0 ==> test cross_entropy = 0.303858
	Seed 1 ==> test cross_entropy = 0.290434
	Seed 2 ==> test cross_entropy = 0.311858
	Seed 3 ==> test cross_entropy = 0.302408
	Seed 4 ==> test cross_entropy = 0.290247
Overall test cross_entropy = 0.299761 +/- 0.008338
Elapsed time = 0:46:14
Fold 0
Model 0 best validation cross_entropy = 0.296535 on epoch 0
Model 0 test cross_entropy = 0.303860
Ensemble test cross_entropy = 0.303860
Fold 1
Model 0 best validation cross_entropy = 0.312040 on epoch 0
Model 0 test cross_entropy = 0.290351
Ensemble test cross_entropy = 0.290351
Fold 2
Model 0 best validation cross_entropy = 0.305623 on epoch 0
Model 0 test cross_entropy = 0.311850
Ensemble test cross_entropy = 0.311850
Fold 3
Model 0 best validation cross_entropy = 0.293522 on epoch 0
Model 0 test cross_entropy = 0.302408
Ensemble test cross_entropy = 0.302408
Fold 4
Model 0 best validation cross_entropy = 0.306930 on epoch 0
Model 0 test cross_entropy = 0.289271
Ensemble test cross_entropy = 0.289271
5-fold cross validation
	Seed 0 ==> test cross_entropy = 0.303860
	Seed 1 ==> test cross_entropy = 0.290351
	Seed 2 ==> test cross_entropy = 0.311850
	Seed 3 ==> test cross_entropy = 0.302408
	Seed 4 ==> test cross_entropy = 0.289271
Overall test cross_entropy = 0.299548 +/- 0.008583
Elapsed time = 1:00:39
